  inicontrol.cpp
inicontrol.cpp(30): error C2664: 'DWORD GetPrivateProfileStringW(LPCWSTR,LPCWSTR,LPCWSTR,LPWSTR,DWORD,LPCWSTR)': 인수 1을(를) 'const char *'에서 'LPCWSTR'(으)로 변환할 수 없습니다.
  inicontrol.cpp(30): note: 가리킨 형식이 관련이 없습니다. 변환하려면 reinterpret_cast, C 스타일 캐스트 또는 함수 스타일 캐스트가 필요합니다.
inicontrol.cpp(31): error C2664: 'UINT GetPrivateProfileIntW(LPCWSTR,LPCWSTR,INT,LPCWSTR)': 인수 1을(를) 'const char *'에서 'LPCWSTR'(으)로 변환할 수 없습니다.
  inicontrol.cpp(31): note: 가리킨 형식이 관련이 없습니다. 변환하려면 reinterpret_cast, C 스타일 캐스트 또는 함수 스타일 캐스트가 필요합니다.
inicontrol.cpp(49): error C2664: 'DWORD GetPrivateProfileStringW(LPCWSTR,LPCWSTR,LPCWSTR,LPWSTR,DWORD,LPCWSTR)': 인수 1을(를) 'const char *'에서 'LPCWSTR'(으)로 변환할 수 없습니다.
  inicontrol.cpp(49): note: 가리킨 형식이 관련이 없습니다. 변환하려면 reinterpret_cast, C 스타일 캐스트 또는 함수 스타일 캐스트가 필요합니다.
inicontrol.cpp(50): error C2664: 'UINT GetPrivateProfileIntW(LPCWSTR,LPCWSTR,INT,LPCWSTR)': 인수 1을(를) 'const char *'에서 'LPCWSTR'(으)로 변환할 수 없습니다.
  inicontrol.cpp(50): note: 가리킨 형식이 관련이 없습니다. 변환하려면 reinterpret_cast, C 스타일 캐스트 또는 함수 스타일 캐스트가 필요합니다.
inicontrol.cpp(56): error C2664: 'DWORD GetPrivateProfileStringW(LPCWSTR,LPCWSTR,LPCWSTR,LPWSTR,DWORD,LPCWSTR)': 인수 1을(를) 'const char *'에서 'LPCWSTR'(으)로 변환할 수 없습니다.
  inicontrol.cpp(56): note: 가리킨 형식이 관련이 없습니다. 변환하려면 reinterpret_cast, C 스타일 캐스트 또는 함수 스타일 캐스트가 필요합니다.
inicontrol.cpp(57): error C2664: 'UINT GetPrivateProfileIntW(LPCWSTR,LPCWSTR,INT,LPCWSTR)': 인수 1을(를) 'const char *'에서 'LPCWSTR'(으)로 변환할 수 없습니다.
  inicontrol.cpp(57): note: 가리킨 형식이 관련이 없습니다. 변환하려면 reinterpret_cast, C 스타일 캐스트 또는 함수 스타일 캐스트가 필요합니다.
inicontrol.cpp(83): warning C4806: '|': 안전하지 않은 연산입니다. 'bool' 형식의 값('int' 형식으로 확장)이 주어진 상수와 같을 수 없습니다.
inicontrol.cpp(83): warning C4554: '|': 연산자 우선 순위에 오류가 있는지 확인하십시오. 괄호를 사용하여 우선 순위를 명확하게 지정하십시오.
inicontrol.cpp(125): error C2664: 'DWORD GetPrivateProfileStringW(LPCWSTR,LPCWSTR,LPCWSTR,LPWSTR,DWORD,LPCWSTR)': 인수 1을(를) 'const char *'에서 'LPCWSTR'(으)로 변환할 수 없습니다.
  inicontrol.cpp(125): note: 가리킨 형식이 관련이 없습니다. 변환하려면 reinterpret_cast, C 스타일 캐스트 또는 함수 스타일 캐스트가 필요합니다.
inicontrol.cpp(128): error C2664: 'BOOL WritePrivateProfileStringW(LPCWSTR,LPCWSTR,LPCWSTR,LPCWSTR)': 인수 1을(를) 'const char *'에서 'LPCWSTR'(으)로 변환할 수 없습니다.
  inicontrol.cpp(128): note: 가리킨 형식이 관련이 없습니다. 변환하려면 reinterpret_cast, C 스타일 캐스트 또는 함수 스타일 캐스트가 필요합니다.
inicontrol.cpp(129): error C2664: 'BOOL WritePrivateProfileStringW(LPCWSTR,LPCWSTR,LPCWSTR,LPCWSTR)': 인수 1을(를) 'const char *'에서 'LPCWSTR'(으)로 변환할 수 없습니다.
  inicontrol.cpp(129): note: 가리킨 형식이 관련이 없습니다. 변환하려면 reinterpret_cast, C 스타일 캐스트 또는 함수 스타일 캐스트가 필요합니다.
inicontrol.cpp(98): warning C4477: 'scanf_s' : 서식 문자열 '%s'에 'unsigned int' 형식의 인수가 필요하지만 variadic 인수 2의 형식이 'std::size_t'입니다.
  inicontrol.cpp(98): note: 이 인수는 버퍼 크기로 사용됩니다.
inicontrol.cpp(157): warning C4806: '|': 안전하지 않은 연산입니다. 'bool' 형식의 값('int' 형식으로 확장)이 주어진 상수와 같을 수 없습니다.
inicontrol.cpp(157): warning C4554: '|': 연산자 우선 순위에 오류가 있는지 확인하십시오. 괄호를 사용하여 우선 순위를 명확하게 지정하십시오.
inicontrol.cpp(181): error C2664: 'BOOL WritePrivateProfileStringW(LPCWSTR,LPCWSTR,LPCWSTR,LPCWSTR)': 인수 1을(를) 'const char *'에서 'LPCWSTR'(으)로 변환할 수 없습니다.
  inicontrol.cpp(181): note: 가리킨 형식이 관련이 없습니다. 변환하려면 reinterpret_cast, C 스타일 캐스트 또는 함수 스타일 캐스트가 필요합니다.
inicontrol.cpp(188): error C2664: 'DWORD GetPrivateProfileStringW(LPCWSTR,LPCWSTR,LPCWSTR,LPWSTR,DWORD,LPCWSTR)': 인수 1을(를) 'const char *'에서 'LPCWSTR'(으)로 변환할 수 없습니다.
  inicontrol.cpp(188): note: 가리킨 형식이 관련이 없습니다. 변환하려면 reinterpret_cast, C 스타일 캐스트 또는 함수 스타일 캐스트가 필요합니다.
inicontrol.cpp(208): error C2664: 'DWORD GetPrivateProfileStringW(LPCWSTR,LPCWSTR,LPCWSTR,LPWSTR,DWORD,LPCWSTR)': 인수 1을(를) 'const char *'에서 'LPCWSTR'(으)로 변환할 수 없습니다.
  inicontrol.cpp(208): note: 가리킨 형식이 관련이 없습니다. 변환하려면 reinterpret_cast, C 스타일 캐스트 또는 함수 스타일 캐스트가 필요합니다.
inicontrol.cpp(211): error C2664: 'BOOL WritePrivateProfileStringW(LPCWSTR,LPCWSTR,LPCWSTR,LPCWSTR)': 인수 1을(를) 'const char *'에서 'LPCWSTR'(으)로 변환할 수 없습니다.
  inicontrol.cpp(211): note: 가리킨 형식이 관련이 없습니다. 변환하려면 reinterpret_cast, C 스타일 캐스트 또는 함수 스타일 캐스트가 필요합니다.
inicontrol.cpp(214): error C2664: 'BOOL WritePrivateProfileStringW(LPCWSTR,LPCWSTR,LPCWSTR,LPCWSTR)': 인수 1을(를) 'const char *'에서 'LPCWSTR'(으)로 변환할 수 없습니다.
  inicontrol.cpp(214): note: 가리킨 형식이 관련이 없습니다. 변환하려면 reinterpret_cast, C 스타일 캐스트 또는 함수 스타일 캐스트가 필요합니다.
inicontrol.cpp(171): warning C4477: 'scanf_s' : 서식 문자열 '%s'에 'unsigned int' 형식의 인수가 필요하지만 variadic 인수 2의 형식이 'std::size_t'입니다.
  inicontrol.cpp(171): note: 이 인수는 버퍼 크기로 사용됩니다.
  Main.cpp
Main.cpp(25): error C2664: 'BOOL SetConsoleTitleW(LPCWSTR)': 인수 1을(를) 'const char [10]'에서 'LPCWSTR'(으)로 변환할 수 없습니다.
  Main.cpp(25): note: 가리킨 형식이 관련이 없습니다. 변환하려면 reinterpret_cast, C 스타일 캐스트 또는 함수 스타일 캐스트가 필요합니다.
Main.cpp(86): error C2664: 'int MessageBoxW(HWND,LPCWSTR,LPCWSTR,UINT)': 인수 2을(를) 'const char [23]'에서 'LPCWSTR'(으)로 변환할 수 없습니다.
  Main.cpp(86): note: 가리킨 형식이 관련이 없습니다. 변환하려면 reinterpret_cast, C 스타일 캐스트 또는 함수 스타일 캐스트가 필요합니다.
